\BOOKMARK [1][-]{section.1}{\376\377\230\171\166\356\150\106\147\266\140\073\211\310}{}% 1
\BOOKMARK [2][-]{subsection.1.1}{\376\377\116\011\146\016\154\273\147\266\147\204}{section.1}% 2
\BOOKMARK [2][-]{subsection.1.2}{\376\377\000A\000R\000C\000H\000\040\147\141\116\366\177\026\213\321\122\006\136\003}{section.1}% 3
\BOOKMARK [1][-]{section.2}{\376\377\226\005\213\373\156\220\170\001\166\204\230\172\136\217}{}% 4
\BOOKMARK [1][-]{section.3}{\376\377\145\207\116\366\116\113\225\364\166\204\123\117\124\014\117\134\165\050}{}% 5
\BOOKMARK [2][-]{subsection.3.1}{\376\377\124\057\122\250\155\101\172\013\116\055\166\204\145\207\116\366\123\117\117\134}{section.3}% 6
\BOOKMARK [2][-]{subsection.3.2}{\376\377\226\167\226\061\131\004\164\006\155\101\172\013\116\055\166\204\145\207\116\366\123\117\117\134}{section.3}% 7
\BOOKMARK [2][-]{subsection.3.3}{\376\377\116\012\116\013\145\207\122\007\143\142\166\204\145\207\116\366\123\117\117\134}{section.3}% 8
\BOOKMARK [2][-]{subsection.3.4}{\376\377\230\165\210\150\173\241\164\006\166\204\145\207\116\366\123\117\117\134}{section.3}% 9
\BOOKMARK [1][-]{section.4}{\376\377\177\026\213\321\217\307\172\013\377\032\153\317\116\052\145\207\116\366\131\202\117\125\210\253\214\003\165\050}{}% 10
\BOOKMARK [2][-]{subsection.4.1}{\376\377\000A\000R\000C\000H\000=\000r\000i\000s\000c\000v\000\040\177\026\213\321\155\101\172\013}{section.4}% 11
\BOOKMARK [2][-]{subsection.4.2}{\376\377\000A\000R\000C\000H\000=\000l\000o\000o\000n\000g\000a\000r\000c\000h\000\040\177\026\213\321\155\101\172\013}{section.4}% 12
\BOOKMARK [2][-]{subsection.4.3}{\376\377\121\163\225\056\177\026\213\321\135\356\137\002\140\073\176\323}{section.4}% 13
\BOOKMARK [1][-]{section.5}{\376\377\000R\000I\000S\000C\000-\000V\000\040\000H\000A\000L\377\032\124\352\116\233\146\057\166\364\143\245\171\373\151\015\166\204\000\040\000x\000v\0006\000\040\156\220\170\001}{}% 14
\BOOKMARK [2][-]{subsection.5.1}{\376\377\166\364\143\245\171\373\151\015\166\204\145\207\116\366\377\010\117\356\145\071\221\317\000\040\000<\000\040\0001\0000\000\045\377\011}{section.5}% 15
\BOOKMARK [2][-]{subsection.5.2}{\376\377\116\072\116\300\116\110\123\357\116\345\166\364\143\245\171\373\151\015}{section.5}% 16
\BOOKMARK [2][-]{subsection.5.3}{\376\377\227\000\211\201\221\315\121\231\166\204\220\350\122\006}{section.5}% 17
\BOOKMARK [1][-]{section.6}{\376\377\000L\000o\000o\000n\000g\000A\000r\000c\000h\000\040\000H\000A\000L\000\040\116\343\170\001\220\020\210\114\213\346\211\343}{}% 18
\BOOKMARK [2][-]{subsection.6.1}{\376\377\000h\000a\000l\000/\000l\000o\000o\000n\000g\000a\000r\000c\000h\000/\000a\000r\000c\000h\000.\000h\000\040\213\346\176\306\211\343\147\220}{section.6}% 19
\BOOKMARK [3][-]{subsubsection.6.1.1}{\376\377\000C\000S\000R\000\040\133\304\133\130\126\150\146\040\134\004\377\010\210\114\000\040\0001\0006\000-\0003\0007\377\011}{subsection.6.1}% 20
\BOOKMARK [3][-]{subsubsection.6.1.2}{\376\377\000C\000R\000M\000D\000/\000P\000R\000M\000D\000\040\117\115\127\337\133\232\116\111\377\010\210\114\000\040\0004\0000\000-\0005\0001\377\011}{subsection.6.1}% 21
\BOOKMARK [3][-]{subsubsection.6.1.3}{\376\377\000E\000C\000F\000G\000/\000E\000S\000T\000A\000T\000\040\117\115\127\337\133\232\116\111\377\010\210\114\000\040\0005\0004\000-\0006\0006\377\011}{subsection.6.1}% 22
\BOOKMARK [3][-]{subsubsection.6.1.4}{\376\377\137\002\136\070\170\001\133\232\116\111\377\010\210\114\000\040\0007\0000\000-\0008\0007\377\011}{subsection.6.1}% 23
\BOOKMARK [3][-]{subsubsection.6.1.5}{\376\377\000C\000S\000R\000\040\213\277\225\356\121\205\200\124\121\375\145\160\377\010\210\114\000\040\0001\0000\0006\000-\0002\0002\0005\377\011}{subsection.6.1}% 24
\BOOKMARK [3][-]{subsubsection.6.1.6}{\376\377\116\055\145\255\143\247\122\066\377\010\210\114\000\040\0002\0003\0000\000-\0002\0004\0002\377\011}{subsection.6.1}% 25
\BOOKMARK [3][-]{subsubsection.6.1.7}{\376\377\000T\000L\000B\000\040\122\067\145\260\377\010\210\114\000\040\0002\0004\0007\377\011}{subsection.6.1}% 26
\BOOKMARK [3][-]{subsubsection.6.1.8}{\376\377\000G\000P\000\040\133\304\133\130\126\150\213\277\225\356\377\010\210\114\000\040\0002\0005\0005\000-\0002\0007\0005\377\011}{subsection.6.1}% 27
\BOOKMARK [3][-]{subsubsection.6.1.9}{\376\377\000e\000s\000t\000a\000t\000\137\000t\000o\000\137\000s\000c\000a\000u\000s\000e\000\050\000\051\000\040\220\020\210\114\211\343\147\220\377\010\210\114\000\040\0002\0008\0000\000-\0003\0001\0003\377\011}{subsection.6.1}% 28
\BOOKMARK [3][-]{subsubsection.6.1.10}{\376\377\000R\000I\000S\000C\000-\000V\000\040\121\174\133\271\122\053\124\015\377\010\210\114\000\040\0003\0007\0008\000-\0004\0001\0000\377\011}{subsection.6.1}% 29
\BOOKMARK [2][-]{subsection.6.2}{\376\377\000h\000a\000l\000/\000l\000o\000o\000n\000g\000a\000r\000c\000h\000/\000h\000a\000l\000\137\000t\000l\000b\000r\000e\000f\000i\000l\000l\000.\000S\000\040\220\020\210\114\213\346\211\343}{section.6}% 30
\BOOKMARK [3][-]{subsubsection.6.2.1}{\376\377\121\145\123\343\124\214\000\040\000P\000S\000\040\213\276\177\156\377\010\210\114\000\040\0001\0000\000-\0001\0009\377\011}{subsection.6.2}% 31
\BOOKMARK [3][-]{subsubsection.6.2.2}{\376\377\000M\000A\000X\000V\000A\000\040\217\271\165\114\150\300\147\345\377\010\210\114\000\040\0002\0001\000-\0002\0008\377\011}{subsection.6.2}% 32
\BOOKMARK [3][-]{subsubsection.6.2.3}{\376\377\0004\000\040\176\247\000\040\000l\000d\000d\000i\000r\000\040\000w\000a\000l\000k\377\010\210\114\000\040\0002\0009\000-\0005\0006\377\011}{subsection.6.2}% 33
\BOOKMARK [3][-]{subsubsection.6.2.4}{\376\377\000l\000d\000p\000t\000e\000\040\124\214\000\040\000P\000/\000W\000\040\117\115\156\005\226\144\377\010\210\114\000\040\0005\0008\000-\0006\0005\377\011}{subsection.6.2}% 34
\BOOKMARK [3][-]{subsubsection.6.2.5}{\376\377\000t\000l\000b\000f\000i\000l\000l\000\040\124\214\000\040\000e\000r\000t\000n\377\010\210\114\000\040\0006\0006\000-\0006\0009\377\011}{subsection.6.2}% 35
\BOOKMARK [2][-]{subsection.6.3}{\376\377\000h\000a\000l\000/\000l\000o\000o\000n\000g\000a\000r\000c\000h\000/\000h\000a\000l\000\137\000s\000t\000a\000r\000t\000.\000c\000\040\220\020\210\114\213\346\211\343}{section.6}% 36
\BOOKMARK [3][-]{subsubsection.6.3.1}{\376\377\000s\000t\000a\000r\000t\000\050\000\051\000\040\121\375\145\160\377\010\210\114\000\040\0002\0002\000-\0007\0002\377\011}{subsection.6.3}% 37
\BOOKMARK [3][-]{subsubsection.6.3.2}{\376\377\000t\000i\000m\000e\000r\000i\000n\000i\000t\000\050\000\051\000\040\121\375\145\160\377\010\210\114\000\040\0007\0004\000-\0008\0007\377\011}{subsection.6.3}% 38
\BOOKMARK [2][-]{subsection.6.4}{\376\377\000h\000a\000l\000/\000l\000o\000o\000n\000g\000a\000r\000c\000h\000/\000h\000a\000l\000\137\000v\000i\000r\000t\000i\000o\000.\000c\000\040\213\346\211\343}{section.6}% 39
\BOOKMARK [3][-]{subsubsection.6.4.1}{\376\377\000R\000A\000M\000-\000d\000i\000s\000k\000\040\145\160\143\156\176\323\147\204}{subsection.6.4}% 40
\BOOKMARK [3][-]{subsubsection.6.4.2}{\376\377\000r\000a\000m\000d\000i\000s\000k\000\137\000i\000n\000i\000t\000\050\000\051\000\040\166\204\000\040\000b\000l\000o\000c\000k\000\040\146\040\134\004}{subsection.6.4}% 41
\BOOKMARK [3][-]{subsubsection.6.4.3}{\376\377\000v\000i\000r\000t\000i\000o\000\137\000d\000i\000s\000k\000\137\000r\000w\000\050\000\051\000\040\166\204\124\014\153\145\000\040\000I\000/\000O}{subsection.6.4}% 42
\BOOKMARK [1][-]{section.7}{\376\377\000H\000A\000L\000\040\143\245\123\343\131\064\145\207\116\366\213\346\211\343}{}% 43
\BOOKMARK [2][-]{subsection.7.1}{\376\377\000h\000a\000l\000/\000h\000a\000l\000.\000h\000\040\040\024\040\024\000\040\176\337\116\000\121\145\123\343}{section.7}% 44
\BOOKMARK [2][-]{subsection.7.2}{\376\377\000h\000a\000l\000/\000h\000a\000l\000\137\000a\000r\000c\000h\000.\000h\000\040\040\024\040\024\000\040\000C\000P\000U\000\040\143\247\122\066\143\245\123\343}{section.7}% 45
\BOOKMARK [2][-]{subsection.7.3}{\376\377\000h\000a\000l\000/\000h\000a\000l\000\137\000c\000t\000x\000.\000h\000\040\040\024\040\024\000\040\116\012\116\013\145\207\176\323\147\204\117\123}{section.7}% 46
\BOOKMARK [2][-]{subsection.7.4}{\376\377\000h\000a\000l\000/\000h\000a\000l\000\137\000i\000n\000t\000r\000.\000h\000\040\040\024\040\024\000\040\116\055\145\255\143\247\122\066\126\150\143\245\123\343}{section.7}% 47
\BOOKMARK [2][-]{subsection.7.5}{\376\377\000h\000a\000l\000/\000h\000a\000l\000\137\000t\000i\000m\000e\000r\000.\000h\000\040\040\024\040\024\000\040\133\232\145\366\126\150\143\245\123\343}{section.7}% 48
\BOOKMARK [2][-]{subsection.7.6}{\376\377\000h\000a\000l\000/\000h\000a\000l\000\137\000c\000o\000n\000s\000o\000l\000e\000.\000h\000\040\040\024\040\024\000\040\143\247\122\066\123\360\000\040\000I\000/\000O\000\040\143\245\123\343}{section.7}% 49
\BOOKMARK [1][-]{section.8}{\376\377\000R\000I\000S\000C\000-\000V\000\040\000H\000A\000L\000\040\133\236\163\260\213\346\211\343}{}% 50
\BOOKMARK [2][-]{subsection.8.1}{\376\377\000h\000a\000l\000/\000r\000i\000s\000c\000v\000/\000a\000r\000c\000h\000.\000h\000\040\040\024\040\024\000\040\000P\000T\000E\000\040\116\016\230\165\210\150\133\217\377\010\0003\176\247\000\040\000S\000v\0003\0009\377\011}{section.8}% 51
\BOOKMARK [2][-]{subsection.8.2}{\376\377\000h\000a\000l\000/\000r\000i\000s\000c\000v\000/\000h\000a\000l\000\137\000s\000t\000a\000r\000t\000.\000c\000\040\040\024\040\024\000\040\000M\000\040\140\001\122\035\131\313\123\026}{section.8}% 52
\BOOKMARK [2][-]{subsection.8.3}{\376\377\000h\000a\000l\000/\000r\000i\000s\000c\000v\000/\000h\000a\000l\000\137\000t\000r\000a\000m\000p\000.\000S\000\040\040\024\040\024\000\040\165\050\142\067\140\001\226\167\121\145\000/\217\324\126\336}{section.8}% 53
\BOOKMARK [2][-]{subsection.8.4}{\376\377\000h\000a\000l\000/\000r\000i\000s\000c\000v\000/\000h\000a\000l\000\137\000v\000i\000r\000t\000i\000o\000.\000c\000\040\040\024\040\024\000\040\000V\000i\000r\000t\000i\000o\000-\000b\000l\000k\000\040\000M\000M\000I\000O\000\040\232\161\122\250}{section.8}% 54
\BOOKMARK [1][-]{section.9}{\376\377\000L\000o\000o\000n\000g\000A\000r\000c\000h\000\040\000H\000A\000L\000\040\133\236\163\260\213\346\211\343}{}% 55
\BOOKMARK [2][-]{subsection.9.1}{\376\377\000h\000a\000l\000/\000l\000o\000o\000n\000g\000a\000r\000c\000h\000/\000a\000r\000c\000h\000.\000h\000\040\040\024\040\024\000\040\000P\000T\000E\000\040\150\074\137\017\116\016\000\040\000R\000I\000S\000C\000-\000V\000\040\121\174\133\271\134\102}{section.9}% 56
\BOOKMARK [3][-]{subsubsection.9.1.1}{\376\377\000P\000T\000E\000\040\150\074\137\017\377\010\0004\176\247\230\165\210\150\377\011}{subsection.9.1}% 57
\BOOKMARK [3][-]{subsubsection.9.1.2}{\376\377\000P\000A\0002\000P\000T\000E\000/\000P\000T\000E\0002\000P\000A\000\040\040\024\040\024\000\040\123\125\143\251\170\001\173\200\123\026}{subsection.9.1}% 58
\BOOKMARK [3][-]{subsubsection.9.1.3}{\376\377\0004\000\040\176\247\230\165\210\150\175\042\137\025}{subsection.9.1}% 59
\BOOKMARK [3][-]{subsubsection.9.1.4}{\376\377\000e\000s\000t\000a\000t\000\137\000t\000o\000\137\000s\000c\000a\000u\000s\000e\000\050\000\051\000\040\040\024\040\024\000\040\137\002\136\070\170\001\217\154\143\142}{subsection.9.1}% 60
\BOOKMARK [3][-]{subsubsection.9.1.5}{\376\377\000R\000I\000S\000C\000-\000V\000\040\121\174\133\271\134\102}{subsection.9.1}% 61
\BOOKMARK [2][-]{subsection.9.2}{\376\377\000h\000a\000l\000/\000l\000o\000o\000n\000g\000a\000r\000c\000h\000/\000h\000a\000l\000\137\000t\000l\000b\000r\000e\000f\000i\000l\000l\000.\000S\000\040\040\024\040\024\000\040\000T\000L\000B\000\040\221\315\130\153\131\004\164\006\126\150}{section.9}% 62
\BOOKMARK [2][-]{subsection.9.3}{\376\377\000h\000a\000l\000/\000l\000o\000o\000n\000g\000a\000r\000c\000h\000/\000h\000a\000l\000\137\000t\000r\000a\000m\000p\000.\000S\000\040\040\024\040\024\000\040\000u\000s\000e\000r\000v\000e\000c\000/\000u\000s\000e\000r\000r\000e\000t}{section.9}% 63
\BOOKMARK [2][-]{subsection.9.4}{\376\377\000h\000a\000l\000/\000l\000o\000o\000n\000g\000a\000r\000c\000h\000/\000h\000a\000l\000\137\000s\000t\000a\000r\000t\000.\000c\000\040\040\024\040\024\000\040\000f\000l\000a\000s\000h\000R\000A\000M\000\040\144\054\217\320}{section.9}% 64
\BOOKMARK [2][-]{subsection.9.5}{\376\377\000h\000a\000l\000/\000l\000o\000o\000n\000g\000a\000r\000c\000h\000/\000h\000a\000l\000\137\000v\000i\000r\000t\000i\000o\000.\000c\000\040\040\024\040\024\000\040\000R\000A\000M\000-\000d\000i\000s\000k\000\040\127\127\213\276\131\007}{section.9}% 65
\BOOKMARK [1][-]{section.10}{\376\377\121\205\150\070\117\356\145\071\145\207\116\366\213\346\211\343}{}% 66
\BOOKMARK [2][-]{subsection.10.1}{\376\377\000k\000e\000r\000n\000e\000l\000/\000v\000m\000.\000c\000\040\040\024\040\024\000\040\230\165\210\150\173\241\164\006}{section.10}% 67
\BOOKMARK [3][-]{subsubsection.10.1.1}{\376\377\000k\000v\000m\000m\000a\000k\000e\000\050\000\051\000\040\040\024\040\024\000\040\000L\000o\000o\000n\000g\000A\000r\000c\000h\000\040\166\204\162\171\153\212\146\040\134\004}{subsection.10.1}% 68
\BOOKMARK [3][-]{subsubsection.10.1.2}{\376\377\000k\000v\000m\000i\000n\000i\000t\000h\000a\000r\000t\000\050\000\051\000\040\040\024\040\024\000\040\000M\000M\000U\000\040\117\177\200\375}{subsection.10.1}% 69
\BOOKMARK [3][-]{subsubsection.10.1.3}{\376\377\000w\000a\000l\000k\000\050\000\051\000\040\040\024\040\024\000\040\215\350\147\266\147\204\230\165\210\150\220\115\123\206}{subsection.10.1}% 70
\BOOKMARK [3][-]{subsubsection.10.1.4}{\376\377\000f\000r\000e\000e\000w\000a\000l\000k\000\050\000\051\000\040\040\024\040\024\000\040\123\366\133\120\000/\227\136\123\366\133\120\123\072\122\006}{subsection.10.1}% 71
\BOOKMARK [3][-]{subsubsection.10.1.5}{\376\377\000v\000m\000f\000a\000u\000l\000t\000\050\000\051\000\040\040\024\040\024\000\040\140\360\140\047\122\006\221\115\000\040\000+\000\040\000L\000o\000o\000n\000g\000A\000r\000c\000h\000\040\000T\000L\000B\000\040\130\153\121\105}{subsection.10.1}% 72
\BOOKMARK [2][-]{subsection.10.2}{\376\377\000k\000e\000r\000n\000e\000l\000/\000t\000r\000a\000p\000.\000c\000\040\040\024\040\024\000\040\226\167\226\061\131\004\164\006}{section.10}% 73
\BOOKMARK [2][-]{subsection.10.3}{\376\377\000k\000e\000r\000n\000e\000l\000/\000e\000x\000e\000c\000.\000c\000\040\040\024\040\024\000\040\000E\000L\000F\000\040\122\240\217\175\126\150}{section.10}% 74
\BOOKMARK [2][-]{subsection.10.4}{\376\377\000k\000e\000r\000n\000e\000l\000/\000p\000r\000o\000c\000.\000c\000\040\040\024\040\024\000\040\217\333\172\013\173\241\164\006}{section.10}% 75
\BOOKMARK [1][-]{section.11}{\376\377\213\276\213\241\140\035\140\363\140\073\176\323}{}% 76
\BOOKMARK [2][-]{subsection.11.1}{\376\377\150\070\137\303\213\276\213\241\123\237\122\031}{section.11}% 77
\BOOKMARK [2][-]{subsection.11.2}{\376\377\121\163\225\056\147\266\147\204\135\356\137\002\166\204\131\004\164\006\173\126\165\145}{section.11}% 78
\BOOKMARK [1][-]{section.12}{\376\377\117\030\123\026\140\035\215\357}{}% 79
\BOOKMARK [2][-]{subsection.12.1}{\376\377\116\316\000"\116\343\170\001\134\075\221\317\134\021\000"\166\204\211\322\136\246}{section.12}% 80
\BOOKMARK [2][-]{subsection.12.2}{\376\377\116\316\000"\174\373\176\337\217\320\210\114\172\063\133\232\000"\166\204\211\322\136\246}{section.12}% 81
