\BOOKMARK [1][-]{section.1}{\376\377\230\171\166\356\151\202\217\360}{}% 1
\BOOKMARK [2][-]{subsection.1.1}{\376\377\150\070\137\303\166\356\150\007}{section.1}% 2
\BOOKMARK [2][-]{subsection.1.2}{\376\377\230\171\166\356\176\323\147\204}{section.1}% 3
\BOOKMARK [2][-]{subsection.1.3}{\376\377\136\163\123\360\220\011\142\351\116\016\177\026\213\321}{section.1}% 4
\BOOKMARK [1][-]{section.2}{\376\377\000L\000o\000o\000n\000g\000A\000r\000c\000h\000\040\000H\000A\000L\000\040\145\164\117\123\213\276\213\241\140\035\215\357}{}% 5
\BOOKMARK [2][-]{subsection.2.1}{\376\377\147\266\147\204\135\356\137\002\116\016\000\040\000H\000A\000L\000\040\142\275\214\141\173\126\165\145}{section.2}% 6
\BOOKMARK [2][-]{subsection.2.2}{\376\377\213\276\213\241\123\237\122\031}{section.2}% 7
\BOOKMARK [2][-]{subsection.2.3}{\376\377\000R\000A\000M\000-\000d\000i\000s\000k\000\040\127\127\213\276\131\007\173\126\165\145}{section.2}% 8
\BOOKMARK [1][-]{section.3}{\376\377\121\163\225\056\133\236\163\260\143\317\217\360}{}% 9
\BOOKMARK [2][-]{subsection.3.1}{\376\377\121\205\133\130\136\003\134\100\377\010\000m\000e\000m\000l\000a\000y\000o\000u\000t\000.\000h\377\011}{section.3}% 10
\BOOKMARK [2][-]{subsection.3.2}{\376\377\000C\000P\000U\000\040\143\247\122\066\116\016\000\040\000P\000T\000E\000\040\150\074\137\017\377\010\000a\000r\000c\000h\000.\000h\377\011}{section.3}% 11
\BOOKMARK [2][-]{subsection.3.3}{\376\377\230\165\210\150\000\040\000w\000a\000l\000k\377\010\000v\000m\000.\000c\377\011}{section.3}% 12
\BOOKMARK [2][-]{subsection.3.4}{\376\377\000T\000L\000B\000\040\221\315\130\153\131\004\164\006\126\150\377\010\000h\000a\000l\000\137\000t\000l\000b\000r\000e\000f\000i\000l\000l\000.\000S\377\011}{section.3}% 13
\BOOKMARK [2][-]{subsection.3.5}{\376\377\165\050\142\067\140\001\226\167\121\145\000/\217\324\126\336\377\010\000h\000a\000l\000\137\000t\000r\000a\000m\000p\000.\000S\377\011}{section.3}% 14
\BOOKMARK [2][-]{subsection.3.6}{\376\377\116\012\116\013\145\207\122\007\143\142\377\010\000h\000a\000l\000\137\000s\000w\000t\000c\000h\000.\000S\377\011}{section.3}% 15
\BOOKMARK [2][-]{subsection.3.7}{\376\377\116\055\145\255\143\247\122\066\126\150\377\010\000h\000a\000l\000\137\000i\000n\000t\000r\000.\000c\377\011}{section.3}% 16
\BOOKMARK [2][-]{subsection.3.8}{\376\377\000M\000M\000U\000\040\122\035\131\313\123\026\377\010\000k\000v\000m\000i\000n\000i\000t\000h\000a\000r\000t\000\040\000i\000n\000\040\000v\000m\000.\000c\377\011}{section.3}% 17
\BOOKMARK [2][-]{subsection.3.9}{\376\377\124\057\122\250\116\016\145\160\143\156\221\315\133\232\117\115\377\010\000h\000a\000l\000\137\000s\000t\000a\000r\000t\000.\000c\377\011}{section.3}% 18
\BOOKMARK [2][-]{subsection.3.10}{\376\377\121\166\116\326\121\163\225\056\117\356\145\071}{section.3}% 19
\BOOKMARK [1][-]{section.4}{\376\377\170\024\123\321\217\307\172\013\116\055\166\204\225\356\230\230\116\016\211\343\121\263\145\271\154\325}{}% 20
\BOOKMARK [2][-]{subsection.4.1}{\376\377\163\257\130\203\144\055\136\372\226\066\153\265\377\010\173\054\0004\124\150\377\011}{section.4}% 21
\BOOKMARK [2][-]{subsection.4.2}{\376\377\127\372\170\100\000\040\000H\000A\000L\000\040\133\236\163\260\226\066\153\265\377\010\173\054\0005\124\150\377\011}{section.4}% 22
\BOOKMARK [2][-]{subsection.4.3}{\376\377\116\055\145\255\000/\116\012\116\013\145\207\122\007\143\142\226\066\153\265\377\010\173\054\0006\124\150\377\011}{section.4}% 23
\BOOKMARK [2][-]{subsection.4.4}{\376\377\145\164\124\010\214\003\213\325\226\066\153\265\377\010\173\054\0007\124\150\377\011}{section.4}% 24
\BOOKMARK [2][-]{subsection.4.5}{\376\377\121\163\225\056\142\200\147\057\226\276\160\271\122\006\147\220}{section.4}% 25
\BOOKMARK [1][-]{section.5}{\376\377\116\016\123\302\200\003\230\171\166\356\000\040\000x\000v\0006\000-\000l\000o\000o\000n\000g\000a\000r\000c\000h\000-\000e\000x\000p\000-\000m\000a\000i\000n\000\040\166\204\135\356\137\002}{}% 26
\BOOKMARK [2][-]{subsection.5.1}{\376\377\116\044\116\052\230\171\166\356\166\204\147\054\215\050\135\356\137\002}{section.5}% 27
\BOOKMARK [2][-]{subsection.5.2}{\376\377\147\054\230\171\166\356\162\354\147\011\166\204\213\276\213\241}{section.5}% 28
\BOOKMARK [1][-]{section.6}{\376\377\000A\000I\000\040\135\345\121\167\117\177\165\050\130\360\146\016}{}% 29
\BOOKMARK [2][-]{subsection.6.1}{\376\377\117\177\165\050\166\204\000\040\000A\000I\000\040\135\345\121\167}{section.6}% 30
\BOOKMARK [2][-]{subsection.6.2}{\376\377\000A\000I\000\040\135\345\121\167\117\177\165\050\127\072\146\157\116\016\142\020\147\234\140\073\211\310}{section.6}% 31
\BOOKMARK [2][-]{subsection.6.3}{\376\377\000A\000I\000\040\116\244\116\222\213\260\137\125\202\202\220\011}{section.6}% 32
\BOOKMARK [1][-]{section.7}{\376\377\226\104\137\125\377\032\000H\000A\000L\000\040\145\207\116\366\156\005\123\125}{}% 33
